/home/kurumin/workspace/kems.prover/src/logic/aspects/Complexity.aj
/home/kurumin/workspace/kems.prover/src/logic/aspects/FormulaParentsAspect.aj
/home/kurumin/workspace/kems.prover/src/logic/aspects/FormulaParentsAspectIntroductions.aj
/home/kurumin/workspace/kems.prover/src/logic/aspects/FormulaParentsOnTimeAspect.aj
/home/kurumin/workspace/kems.prover/src/logic/formulas/Arity.java
/home/kurumin/workspace/kems.prover/src/logic/formulas/AtomicFormula.java
/home/kurumin/workspace/kems.prover/src/logic/formulas/CompositeFormula.java
/home/kurumin/workspace/kems.prover/src/logic/formulas/Connective.java
/home/kurumin/workspace/kems.prover/src/logic/formulas/ConnectiveCode.java
/home/kurumin/workspace/kems.prover/src/logic/formulas/Formula.java
/home/kurumin/workspace/kems.prover/src/logic/formulas/FormulaFactory.java
/home/kurumin/workspace/kems.prover/src/logic/formulas/FormulaList.java
/home/kurumin/workspace/kems.prover/src/logic/logicalSystem/ILogicalSystem.java
/home/kurumin/workspace/kems.prover/src/logic/logicalSystem/ISignature.java
/home/kurumin/workspace/kems.prover/src/logic/logicalSystem/Signature.java
/home/kurumin/workspace/kems.prover/src/logic/problem/Problem.java
/home/kurumin/workspace/kems.prover/src/logic/problem/ProblemType.java
/home/kurumin/workspace/kems.prover/src/logic/signedFormulas/FormulaSign.java
/home/kurumin/workspace/kems.prover/src/logic/signedFormulas/PBCandidateList.java
/home/kurumin/workspace/kems.prover/src/logic/signedFormulas/SignedFormula.java
/home/kurumin/workspace/kems.prover/src/logic/signedFormulas/SignedFormulaBuilder.java
/home/kurumin/workspace/kems.prover/src/logic/signedFormulas/SignedFormulaCreator.java
/home/kurumin/workspace/kems.prover/src/logic/signedFormulas/SignedFormulaFactory.java
/home/kurumin/workspace/kems.prover/src/logic/signedFormulas/SignedFormulaList.java
/home/kurumin/workspace/kems.prover/src/logic/structures/FormulaSignMultimap.java
/home/kurumin/workspace/kems.prover/src/logic/structures/FormulaSignedFormulaMultiMap.java
/home/kurumin/workspace/kems.prover/src/logic/structures/FormulaSubformulaReferencesMultiMap.java
/home/kurumin/workspace/kems.prover/src/logic/structures/SignSet.java
/home/kurumin/workspace/kems.prover/src/logic/structures/SignedFormula_FormulaMultimap.java
/home/kurumin/workspace/kems.prover/src/logic/valuation/AbstractValuation.java
/home/kurumin/workspace/kems.prover/src/logic/valuation/C1Valuation.java
/home/kurumin/workspace/kems.prover/src/logic/valuation/CPLValuation.java
/home/kurumin/workspace/kems.prover/src/logic/valuation/IValuation.java
/home/kurumin/workspace/kems.prover/src/logic/valuation/MBCValuation.java
/home/kurumin/workspace/kems.prover/src/logicalSystems/LogicalSystemFactory.java
/home/kurumin/workspace/kems.prover/src/logicalSystems/c1/C1Connectives.java
/home/kurumin/workspace/kems.prover/src/logicalSystems/c1/C1Rules.java
/home/kurumin/workspace/kems.prover/src/logicalSystems/c1/C1Signs.java
/home/kurumin/workspace/kems.prover/src/logicalSystems/classicalLogic/ClassicalConnectives.java
/home/kurumin/workspace/kems.prover/src/logicalSystems/classicalLogic/ClassicalLogicSystem.java
/home/kurumin/workspace/kems.prover/src/logicalSystems/classicalLogic/ClassicalRuleStructures.java
/home/kurumin/workspace/kems.prover/src/logicalSystems/classicalLogic/ClassicalRules.java
/home/kurumin/workspace/kems.prover/src/logicalSystems/classicalLogic/ClassicalRulesStructureBuilder.java
/home/kurumin/workspace/kems.prover/src/logicalSystems/classicalLogic/ClassicalSignatureFactory.java
/home/kurumin/workspace/kems.prover/src/logicalSystems/classicalLogic/ClassicalSigns.java
/home/kurumin/workspace/kems.prover/src/logicalSystems/mCi/MCILogicSystem.java
/home/kurumin/workspace/kems.prover/src/logicalSystems/mCi/MCIRuleStructures.java
/home/kurumin/workspace/kems.prover/src/logicalSystems/mCi/MCIRules.java
/home/kurumin/workspace/kems.prover/src/logicalSystems/mbc/MBCConnectives.java
/home/kurumin/workspace/kems.prover/src/logicalSystems/mbc/MBCLogicSystem.java
/home/kurumin/workspace/kems.prover/src/logicalSystems/mbc/MBCRuleStructures.java
/home/kurumin/workspace/kems.prover/src/logicalSystems/mbc/MBCRules.java
/home/kurumin/workspace/kems.prover/src/logicalSystems/mbc/MBCSignatureFactory.java
/home/kurumin/workspace/kems.prover/src/logicalSystems/mbc/MBCSigns.java
/home/kurumin/workspace/kems.prover/src/main/exceptions/KEMSException.java
/home/kurumin/workspace/kems.prover/src/main/newstrategy/AbstractSimpleStrategy.java
/home/kurumin/workspace/kems.prover/src/main/newstrategy/AcceptAllRuleChooser.java
/home/kurumin/workspace/kems.prover/src/main/newstrategy/CPLPBRuleChooser.java
/home/kurumin/workspace/kems.prover/src/main/newstrategy/IPBRuleChooser.java
/home/kurumin/workspace/kems.prover/src/main/newstrategy/ISimpleStrategy.java
/home/kurumin/workspace/kems.prover/src/main/newstrategy/IStrategy.java
/home/kurumin/workspace/kems.prover/src/main/newstrategy/Prover.java
/home/kurumin/workspace/kems.prover/src/main/newstrategy/cpl/configurable/comparator/ComplexitySignedFormulaComparator.java
/home/kurumin/workspace/kems.prover/src/main/newstrategy/cpl/configurable/comparator/ConnectiveSignedFormulaComparator.java
/home/kurumin/workspace/kems.prover/src/main/newstrategy/cpl/configurable/comparator/ISignedFormulaComparator.java
/home/kurumin/workspace/kems.prover/src/main/newstrategy/cpl/configurable/comparator/InsertionOrderSignedFormulaComparator.java
/home/kurumin/workspace/kems.prover/src/main/newstrategy/cpl/configurable/comparator/NormalFormulaOrderSignedFormulaComparator.java
/home/kurumin/workspace/kems.prover/src/main/newstrategy/cpl/configurable/comparator/ReverseFormulaOrderSignedFormulaComparator.java
/home/kurumin/workspace/kems.prover/src/main/newstrategy/cpl/configurable/comparator/ReverseInsertionOrderSignedFormulaComparator.java
/home/kurumin/workspace/kems.prover/src/main/newstrategy/cpl/configurable/comparator/SignSignedFormulaComparator.java
/home/kurumin/workspace/kems.prover/src/main/newstrategy/cpl/simple/configurable/ConfigurableClassicalRuleStructures.java
/home/kurumin/workspace/kems.prover/src/main/newstrategy/cpl/simple/configurable/ConfigurableConnectiveRoleSignRuleList.java
/home/kurumin/workspace/kems.prover/src/main/newstrategy/cpl/simple/configurable/ConfigurableSimpleStrategy.java
/home/kurumin/workspace/kems.prover/src/main/newstrategy/cpl/simple/configurable/ConfigurableTwoPremiseRuleApplicator.java
/home/kurumin/workspace/kems.prover/src/main/newstrategy/cpl/simple/configurable/ConnectiveRoleSignSignRuleMap.java
/home/kurumin/workspace/kems.prover/src/main/newstrategy/mbc/simple/MBCPBRuleChooser.java
/home/kurumin/workspace/kems.prover/src/main/newstrategy/mbc/simple/MBCSimpleStrategy.java
/home/kurumin/workspace/kems.prover/src/main/newstrategy/mbc/simple/TwoPremiseRuleApplicator.java
/home/kurumin/workspace/kems.prover/src/main/newstrategy/mbc/simple/configurable/MBCConfigurableSimpleStrategy.java
/home/kurumin/workspace/kems.prover/src/main/newstrategy/mbc/simple/optional/MBCSimpleWithOptionalRulesStrategy.java
/home/kurumin/workspace/kems.prover/src/main/newstrategy/mci/simple/MCISimpleStrategy.java
/home/kurumin/workspace/kems.prover/src/main/newstrategy/mci/simple/configurable/MCIConfigurableSimpleStrategy.java
/home/kurumin/workspace/kems.prover/src/main/newstrategy/mci/simple/optional/MCISimpleWithOptionalRulesStrategy.java
/home/kurumin/workspace/kems.prover/src/main/newstrategy/memorysaver/MemorySaverSimplificationTwoPremiseRuleApplicator.java
/home/kurumin/workspace/kems.prover/src/main/newstrategy/memorysaver/MemorySaverStrategy.java
/home/kurumin/workspace/kems.prover/src/main/newstrategy/memorysaver/MemorySaverTopBottomOnePremiseRuleApplicator.java
/home/kurumin/workspace/kems.prover/src/main/newstrategy/simple/SimpleStrategy.java
/home/kurumin/workspace/kems.prover/src/main/newstrategy/simple/SimpleStrategyImplementation.java
/home/kurumin/workspace/kems.prover/src/main/newstrategy/simple/SimpleStrategySimplificationTwoPremiseRuleApplicator.java
/home/kurumin/workspace/kems.prover/src/main/newstrategy/simple/SimpleStrategyTopBottomOnePremiseRuleApplicator.java
/home/kurumin/workspace/kems.prover/src/main/newstrategy/simple/backjumping/AbstractBackjumpingSimpleStrategy.java
/home/kurumin/workspace/kems.prover/src/main/newstrategy/simple/backjumping/BackjumpingSimpleStrategy.java
/home/kurumin/workspace/kems.prover/src/main/newstrategy/simple/learning/LearningSimpleStrategy.java
/home/kurumin/workspace/kems.prover/src/main/newstrategy/simple/newlearning/NewLearningSimpleStrategy.java
/home/kurumin/workspace/kems.prover/src/main/newstrategy/util/ProofSaverLoader.java
/home/kurumin/workspace/kems.prover/src/main/proofTree/BranchId.java
/home/kurumin/workspace/kems.prover/src/main/proofTree/INode.java
/home/kurumin/workspace/kems.prover/src/main/proofTree/IProofTree.java
/home/kurumin/workspace/kems.prover/src/main/proofTree/Node.java
/home/kurumin/workspace/kems.prover/src/main/proofTree/ProofTree.java
/home/kurumin/workspace/kems.prover/src/main/proofTree/SignedFormulaNode.java
/home/kurumin/workspace/kems.prover/src/main/proofTree/SignedFormulaNodeState.java
/home/kurumin/workspace/kems.prover/src/main/proofTree/State.java
/home/kurumin/workspace/kems.prover/src/main/proofTree/StringNode.java
/home/kurumin/workspace/kems.prover/src/main/proofTree/StringState.java
/home/kurumin/workspace/kems.prover/src/main/proofTree/aspects/ProofTreeSize.aj
/home/kurumin/workspace/kems.prover/src/main/proofTree/iterator/IProofTreeAdvancedIterator.java
/home/kurumin/workspace/kems.prover/src/main/proofTree/iterator/IProofTreeBackwardNodeIterator.java
/home/kurumin/workspace/kems.prover/src/main/proofTree/iterator/IProofTreeBasicIterator.java
/home/kurumin/workspace/kems.prover/src/main/proofTree/iterator/IProofTreeVeryBasicIterator.java
/home/kurumin/workspace/kems.prover/src/main/proofTree/iterator/ProofTreeBackwardLocalIterator.java
/home/kurumin/workspace/kems.prover/src/main/proofTree/iterator/ProofTreeBackwardNodeIterator.java
/home/kurumin/workspace/kems.prover/src/main/proofTree/iterator/ProofTreeGlobalIterator.java
/home/kurumin/workspace/kems.prover/src/main/proofTree/iterator/ProofTreeLocalIterator.java
/home/kurumin/workspace/kems.prover/src/main/proofTree/iterator/ProofTreeTopDownGlobalIterator.java
/home/kurumin/workspace/kems.prover/src/main/proofTree/origin/Origin.java
/home/kurumin/workspace/kems.prover/src/main/proofTree/origin/SignedFormulaNodeOrigin.java
/home/kurumin/workspace/kems.prover/src/main/reflection/ListMethods.java
/home/kurumin/workspace/kems.prover/src/main/strategy/ClassicalProofTree.java
/home/kurumin/workspace/kems.prover/src/main/strategy/IClassicalProofTree.java
/home/kurumin/workspace/kems.prover/src/main/strategy/ICloseableProofTree.java
/home/kurumin/workspace/kems.prover/src/main/strategy/MyHashMap.java
/home/kurumin/workspace/kems.prover/src/main/strategy/NullClosedProofTree.java
/home/kurumin/workspace/kems.prover/src/main/strategy/Strategy.java
/home/kurumin/workspace/kems.prover/src/main/strategy/applicator/IProofTransformation.java
/home/kurumin/workspace/kems.prover/src/main/strategy/applicator/IRuleApplicator.java
/home/kurumin/workspace/kems.prover/src/main/strategy/applicator/OnePremiseRuleApplicator.java
/home/kurumin/workspace/kems.prover/src/main/strategy/applicator/PBRuleApplicator.java
/home/kurumin/workspace/kems.prover/src/main/strategy/applicator/RuleSignedFormulaPair.java
/home/kurumin/workspace/kems.prover/src/main/strategy/applicator/SimplificationTwoPremiseRuleApplicator.java
/home/kurumin/workspace/kems.prover/src/main/strategy/applicator/TopBottomOnePremiseRuleApplicator.java
/home/kurumin/workspace/kems.prover/src/main/strategy/memorySaver/OptimizedClassicalProofTree.java
/home/kurumin/workspace/kems.prover/src/main/strategy/memorySaver/ReferenceFinder.java
/home/kurumin/workspace/kems.prover/src/main/strategy/simple/FormulaReferenceClassicalProofTree.java
/home/kurumin/workspace/kems.prover/src/main/tableau/IProof.java
/home/kurumin/workspace/kems.prover/src/main/tableau/Method.java
/home/kurumin/workspace/kems.prover/src/main/tableau/Proof.java
/home/kurumin/workspace/kems.prover/src/main/tableau/Prover.java
/home/kurumin/workspace/kems.prover/src/main/tableau/verifier/ExtendedNode.java
/home/kurumin/workspace/kems.prover/src/main/tableau/verifier/ExtendedProof.java
/home/kurumin/workspace/kems.prover/src/main/tableau/verifier/ExtendedProofTree.java
/home/kurumin/workspace/kems.prover/src/main/tableau/verifier/NullSign.java
/home/kurumin/workspace/kems.prover/src/main/tableau/verifier/ProofVerifier.java
/home/kurumin/workspace/kems.prover/src/parsers/ParserCaller.java
/home/kurumin/workspace/kems.prover/src/parsers/ParserUser.java
/home/kurumin/workspace/kems.prover/src/parsers/SATSResult.java
/home/kurumin/workspace/kems.prover/src/parsers/XMLConverter.java
/home/kurumin/workspace/kems.prover/src/problemGenerator/AtomicFormulaGenerator.java
/home/kurumin/workspace/kems.prover/src/problemGenerator/DSSProblemGenerator.java
/home/kurumin/workspace/kems.prover/src/problemGenerator/FirstLFIFamilySpecialFormulaGenerator.java
/home/kurumin/workspace/kems.prover/src/problemGenerator/FirstLFIProblemGenerator.java
/home/kurumin/workspace/kems.prover/src/problemGenerator/FormulaGenerator.java
/home/kurumin/workspace/kems.prover/src/problemGenerator/FormulaIteratingGenerator.java
/home/kurumin/workspace/kems.prover/src/problemGenerator/FourthLFIFamilySpecialFormulaGenerator.java
/home/kurumin/workspace/kems.prover/src/problemGenerator/FourthLFIProblemGenerator.java
/home/kurumin/workspace/kems.prover/src/problemGenerator/IFormulaGenerator.java
/home/kurumin/workspace/kems.prover/src/problemGenerator/LFIProblemGenerator.java
/home/kurumin/workspace/kems.prover/src/problemGenerator/PHPProblemGenerator.java
/home/kurumin/workspace/kems.prover/src/problemGenerator/ProblemGenerator.java
/home/kurumin/workspace/kems.prover/src/problemGenerator/ProblemGeneratorFacade.java
/home/kurumin/workspace/kems.prover/src/problemGenerator/SecondLFIFamilySpecialFormulaGenerator.java
/home/kurumin/workspace/kems.prover/src/problemGenerator/SecondLFIProblemGenerator.java
/home/kurumin/workspace/kems.prover/src/problemGenerator/SignedFormulaGenerator.java
/home/kurumin/workspace/kems.prover/src/problemGenerator/SignedToUnsignedConverter.java
/home/kurumin/workspace/kems.prover/src/problemGenerator/SquareTseitinProblemGenerator.java
/home/kurumin/workspace/kems.prover/src/problemGenerator/ThirdLFIFamilySpecialFormulaGenerator.java
/home/kurumin/workspace/kems.prover/src/problemGenerator/ThirdLFIProblemGenerator.java
/home/kurumin/workspace/kems.prover/src/problemGenerator/UPrimeProblemGenerator.java
/home/kurumin/workspace/kems.prover/src/problemGenerator/UProblemGenerator.java
/home/kurumin/workspace/kems.prover/src/proverinterface/LogViewer.java
/home/kurumin/workspace/kems.prover/src/proverinterface/ProblemEditor.java
/home/kurumin/workspace/kems.prover/src/proverinterface/ProblemProofResultData.java
/home/kurumin/workspace/kems.prover/src/proverinterface/ProverConfiguration.java
/home/kurumin/workspace/kems.prover/src/proverinterface/ProverConfigurator.java
/home/kurumin/workspace/kems.prover/src/proverinterface/ProverFacade.java
/home/kurumin/workspace/kems.prover/src/proverinterface/ProverInterface.java
/home/kurumin/workspace/kems.prover/src/proverinterface/ROFileChooser.java
/home/kurumin/workspace/kems.prover/src/proverinterface/RuleStructureFactory.java
/home/kurumin/workspace/kems.prover/src/proverinterface/StrategyFactory.java
/home/kurumin/workspace/kems.prover/src/proverinterface/aspects/MemoryUsageTracker.aj
/home/kurumin/workspace/kems.prover/src/proverinterface/aspects/ProverThreadAspect.aj
/home/kurumin/workspace/kems.prover/src/proverinterface/commandline/CommandLineRunnable.java
/home/kurumin/workspace/kems.prover/src/proverinterface/commandline/CommandLineRunner.java
/home/kurumin/workspace/kems.prover/src/proverinterface/commandline/ComparatorMap.java
/home/kurumin/workspace/kems.prover/src/proverinterface/commandline/RuleStructureMap.java
/home/kurumin/workspace/kems.prover/src/proverinterface/proofviewer/CloseSignedFormula.java
/home/kurumin/workspace/kems.prover/src/proverinterface/proofviewer/FormulaButton.java
/home/kurumin/workspace/kems.prover/src/proverinterface/proofviewer/FullViewProofPane.java
/home/kurumin/workspace/kems.prover/src/proverinterface/proofviewer/InteractiveProofPane.java
/home/kurumin/workspace/kems.prover/src/proverinterface/proofviewer/ParametersPanel.java
/home/kurumin/workspace/kems.prover/src/proverinterface/proofviewer/PictureMover.java
/home/kurumin/workspace/kems.prover/src/proverinterface/proofviewer/ProofViewer.java
/home/kurumin/workspace/kems.prover/src/proverinterface/proofviewer/ProofViewerMouseListener.java
/home/kurumin/workspace/kems.prover/src/proverinterface/proofviewer/ScrollerFullViewProofPane.java
/home/kurumin/workspace/kems.prover/src/proverinterface/proofviewer/StructuredProofPane.java
/home/kurumin/workspace/kems.prover/src/proverinterface/runner/AbstractProblemRunnable.java
/home/kurumin/workspace/kems.prover/src/proverinterface/runner/CommonResultsFrameTableLine.java
/home/kurumin/workspace/kems.prover/src/proverinterface/runner/ProblemsPanel.java
/home/kurumin/workspace/kems.prover/src/proverinterface/runner/ResultsDataModel.java
/home/kurumin/workspace/kems.prover/src/proverinterface/runner/ResultsFrameTableLine.java
/home/kurumin/workspace/kems.prover/src/proverinterface/runner/family/FamilyProblemAnalysisResultsFrameTableLine.java
/home/kurumin/workspace/kems.prover/src/proverinterface/runner/family/FamilyProblemBasicInfo.java
/home/kurumin/workspace/kems.prover/src/proverinterface/runner/family/FamilyProblemProofResultsFrameTableLine.java
/home/kurumin/workspace/kems.prover/src/proverinterface/runner/family/FamilyProblemRunnable.java
/home/kurumin/workspace/kems.prover/src/proverinterface/runner/family/FamilyProblemsRunnerFrame.java
/home/kurumin/workspace/kems.prover/src/proverinterface/runner/family/FamilyResultsFrame.java
/home/kurumin/workspace/kems.prover/src/proverinterface/runner/family/ProblemFamily.java
/home/kurumin/workspace/kems.prover/src/proverinterface/runner/family/TextFieldIntPanel.java
/home/kurumin/workspace/kems.prover/src/proverinterface/runner/family/TextFieldStringPanel.java
/home/kurumin/workspace/kems.prover/src/proverinterface/runner/oneproblem/OneProblemAsStringRunnable.java
/home/kurumin/workspace/kems.prover/src/proverinterface/runner/oneproblem/OneProblemInFileRunnable.java
/home/kurumin/workspace/kems.prover/src/proverinterface/runner/oneproblem/OneProblemRunnable.java
/home/kurumin/workspace/kems.prover/src/proverinterface/runner/several/SeveralProblemAnalysisResultsFrameTableLine.java
/home/kurumin/workspace/kems.prover/src/proverinterface/runner/several/SeveralProblemProofResultsFrameTableLine.java
/home/kurumin/workspace/kems.prover/src/proverinterface/runner/several/SeveralProblemRunnable.java
/home/kurumin/workspace/kems.prover/src/proverinterface/runner/several/SeveralProblemsResultsFrame.java
/home/kurumin/workspace/kems.prover/src/proverinterface/runner/several/SeveralProblemsRunnerFrame.java
/home/kurumin/workspace/kems.prover/src/rules/Action.java
/home/kurumin/workspace/kems.prover/src/rules/ActionType.java
/home/kurumin/workspace/kems.prover/src/rules/IRule.java
/home/kurumin/workspace/kems.prover/src/rules/KEAction.java
/home/kurumin/workspace/kems.prover/src/rules/KERuleRole.java
/home/kurumin/workspace/kems.prover/src/rules/NamedRule.java
/home/kurumin/workspace/kems.prover/src/rules/NullRule.java
/home/kurumin/workspace/kems.prover/src/rules/OneConclusionRule.java
/home/kurumin/workspace/kems.prover/src/rules/OnePremiseOneConclusionRule.java
/home/kurumin/workspace/kems.prover/src/rules/OnePremissTwoConclusionsRule.java
/home/kurumin/workspace/kems.prover/src/rules/Rule.java
/home/kurumin/workspace/kems.prover/src/rules/RuleCode.java
/home/kurumin/workspace/kems.prover/src/rules/ThreePremisesOneConclusionRule.java
/home/kurumin/workspace/kems.prover/src/rules/TwoPremisesOneConclusionRule.java
/home/kurumin/workspace/kems.prover/src/rules/getters/BinaryConnectiveConnectiveGetter.java
/home/kurumin/workspace/kems.prover/src/rules/getters/BinaryConnectiveGetter.java
/home/kurumin/workspace/kems.prover/src/rules/getters/BinaryTwoPremisesAddConnectiveGetter.java
/home/kurumin/workspace/kems.prover/src/rules/getters/BinaryTwoPremisesAuxiliaryGetter.java
/home/kurumin/workspace/kems.prover/src/rules/getters/BinaryTwoPremisesConnectiveGetter.java
/home/kurumin/workspace/kems.prover/src/rules/getters/BinaryTwoPremisesTwoSignsConnectiveGetter.java
/home/kurumin/workspace/kems.prover/src/rules/getters/FullFormulaGetter.java
/home/kurumin/workspace/kems.prover/src/rules/getters/KESignedFormulaGetter.java
/home/kurumin/workspace/kems.prover/src/rules/getters/SimpleSubformulaGetter.java
/home/kurumin/workspace/kems.prover/src/rules/getters/SubformulaConnectiveForTestRoleGetter.java
/home/kurumin/workspace/kems.prover/src/rules/getters/SubformulaConnectiveRoleGetter.java
/home/kurumin/workspace/kems.prover/src/rules/getters/SubformulaFourRolesOneConnectiveGetter.java
/home/kurumin/workspace/kems.prover/src/rules/getters/SubformulaGetter.java
/home/kurumin/workspace/kems.prover/src/rules/getters/SubformulaRoleGetter.java
/home/kurumin/workspace/kems.prover/src/rules/getters/SubformulaThreeRolesGetter.java
/home/kurumin/workspace/kems.prover/src/rules/getters/SubformulaThreeRolesThreeConnectivesGetter.java
/home/kurumin/workspace/kems.prover/src/rules/getters/TrueBottomGetter.java
/home/kurumin/workspace/kems.prover/src/rules/getters/UnaryConnectiveConnectiveConnectiveGetter.java
/home/kurumin/workspace/kems.prover/src/rules/getters/UnaryConnectiveConnectiveGetter.java
/home/kurumin/workspace/kems.prover/src/rules/getters/UnaryConnectiveGetter.java
/home/kurumin/workspace/kems.prover/src/rules/getters/UnarySignConnectiveGetter.java
/home/kurumin/workspace/kems.prover/src/rules/patterns/BinarySignedFormulaPattern.java
/home/kurumin/workspace/kems.prover/src/rules/patterns/ConnectiveSubformulaPattern.java
/home/kurumin/workspace/kems.prover/src/rules/patterns/SignConnectiveConnectivePattern.java
/home/kurumin/workspace/kems.prover/src/rules/patterns/SignConnectivePattern.java
/home/kurumin/workspace/kems.prover/src/rules/patterns/SignConnectiveRoleSubformulaPattern.java
/home/kurumin/workspace/kems.prover/src/rules/patterns/SignPattern.java
/home/kurumin/workspace/kems.prover/src/rules/patterns/SignThreeConnectivesThreeRolesPattern.java
/home/kurumin/workspace/kems.prover/src/rules/patterns/SubformulaPattern.java
/home/kurumin/workspace/kems.prover/src/rules/patterns/TernarySignedFormulaPattern.java
/home/kurumin/workspace/kems.prover/src/rules/patterns/ThreeSignsConnectiveTwoRolesPattern.java
/home/kurumin/workspace/kems.prover/src/rules/patterns/TwoConnectivesRoleSubformulaPattern.java
/home/kurumin/workspace/kems.prover/src/rules/patterns/TwoSignsConnectiveRolePattern.java
/home/kurumin/workspace/kems.prover/src/rules/patterns/TwoSignsConnectiveTwoRolesSubformulaPattern.java
/home/kurumin/workspace/kems.prover/src/rules/patterns/TwoSignsTwoConnectivesRolePattern.java
/home/kurumin/workspace/kems.prover/src/rules/patterns/UnarySignedFormulaPattern.java
/home/kurumin/workspace/kems.prover/src/rules/patterns/VerySpecialMCIRulePattern.java
/home/kurumin/workspace/kems.prover/src/rules/structures/ConnectiveConnectiveRoleRuleMap.java
/home/kurumin/workspace/kems.prover/src/rules/structures/ConnectiveConnectiveRuleMap.java
/home/kurumin/workspace/kems.prover/src/rules/structures/ConnectiveRoleSignRuleList.java
/home/kurumin/workspace/kems.prover/src/rules/structures/ConnectiveRoleSignRuleMap.java
/home/kurumin/workspace/kems.prover/src/rules/structures/ConnectiveRuleStructure.java
/home/kurumin/workspace/kems.prover/src/rules/structures/ConnectiveRuleStructureFactory.java
/home/kurumin/workspace/kems.prover/src/rules/structures/IRulesStructure.java
/home/kurumin/workspace/kems.prover/src/rules/structures/IRulesStructureBuilder.java
/home/kurumin/workspace/kems.prover/src/rules/structures/OnePremiseNoConnectiveRuleList.java
/home/kurumin/workspace/kems.prover/src/rules/structures/OnePremiseRuleList.java
/home/kurumin/workspace/kems.prover/src/rules/structures/PBRuleList.java
/home/kurumin/workspace/kems.prover/src/rules/structures/RuleAssociation.java
/home/kurumin/workspace/kems.prover/src/rules/structures/RuleList.java
/home/kurumin/workspace/kems.prover/src/rules/structures/RuleType.java
/home/kurumin/workspace/kems.prover/src/rules/structures/Rules.java
/home/kurumin/workspace/kems.prover/src/rules/structures/RulesStructure.java
/home/kurumin/workspace/kems.prover/src/rules/structures/SignConnectiveRuleMap.java
/home/kurumin/workspace/kems.prover/src/rules/structures/TopBottomRoleRuleList.java
/home/kurumin/workspace/kems.prover/src/rules/structures/TopBottomRuleList.java
/home/kurumin/workspace/kems.prover/src/util/EqualsUtil.java
/home/kurumin/workspace/kems.prover/src/util/FileUtil.java
/home/kurumin/workspace/kems.prover/src/util/HashCodeUtil.java
/home/kurumin/workspace/kems.prover/src/util/MemoryManager.java
/home/kurumin/workspace/kems.prover/src/util/Messages.java
/home/kurumin/workspace/kems.prover/src/util/StringUtil.java
